<?xml version="1.0" encoding="UTF-8"?>
<!-- Generated by org.testng.reporters.JUnitXMLReporter -->
<testsuite ignored="0" hostname="LAPTOP-6A6JC7K8" failures="0" tests="13" name="Default test" time="101.987" errors="0" timestamp="2024-06-14T11:28:04 NPT">
  <testcase classname="automationpackage.Loginpage" name="login_invaliddata" time="10.482"/>
  <testcase classname="automationpackage.Loginpage" name="blankdata" time="4.189"/>
  <testcase classname="automationpackage.Loginpage" name="login_validdata" time="5.422"/>
  <testcase classname="automationpackage.PIMpage" name="Addemployee" time="10.546"/>
  <testcase classname="automationpackage.PIMpage" name="Searchemployee" time="5.01"/>
  <testcase classname="automationpackage.PIMpage" name="Deleteemployee" time="5.354"/>
  <testcase classname="automationpackage.Leavepage" name="applyLeave" time="17.141"/>
  <testcase classname="automationpackage.Leavepage" name="viewMyLeave" time="6.2"/>
  <testcase classname="automationpackage.Leavepage" name="cancelLeave" time="8.395"/>
  <testcase classname="automationpackage.Leavepage" name="leaveList" time="8.397"/>
  <testcase classname="automationpackage.Leavepage" name="assignLeave" time="7.329"/>
  <testcase classname="automationpackage.MyInfopage" name="viewDetails" time="5.549"/>
  <testcase classname="automationpackage.MyInfopage" name="updatePersonalDetails" time="7.522"/>
</testsuite> <!-- Default test -->
