<?xml version="1.0" encoding="UTF-8"?>
<testng-results ignored="0" total="13" passed="13" failed="0" skipped="0">
  <reporter-output>
  </reporter-output>
  <suite started-at="2024-06-14T11:26:22 NPT" name="Default suite" finished-at="2024-06-14T11:28:04 NPT" duration-ms="101987">
    <groups>
    </groups>
    <test started-at="2024-06-14T11:26:22 NPT" name="Default test" finished-at="2024-06-14T11:28:04 NPT" duration-ms="101987">
      <class name="automationpackage.MyInfopage">
        <test-method is-config="true" signature="OpenBrowser()[pri:0, instance:automationpackage.MyInfopage@2dc54ad4]" started-at="2024-06-14T11:26:02 NPT" name="OpenBrowser" finished-at="2024-06-14T11:26:22 NPT" duration-ms="20889" status="PASS">
          <reporter-output>
          </reporter-output>
        </test-method> <!-- OpenBrowser -->
        <test-method signature="login_invaliddata()[pri:1, instance:automationpackage.MyInfopage@2dc54ad4]" started-at="2024-06-14T11:26:23 NPT" name="login_invaliddata" finished-at="2024-06-14T11:26:33 NPT" duration-ms="10482" status="PASS">
          <reporter-output>
          </reporter-output>
        </test-method> <!-- login_invaliddata -->
        <test-method signature="blankdata()[pri:2, instance:automationpackage.MyInfopage@2dc54ad4]" started-at="2024-06-14T11:26:33 NPT" name="blankdata" finished-at="2024-06-14T11:26:37 NPT" duration-ms="4189" status="PASS">
          <reporter-output>
          </reporter-output>
        </test-method> <!-- blankdata -->
        <test-method signature="login_validdata()[pri:2, instance:automationpackage.MyInfopage@2dc54ad4]" started-at="2024-06-14T11:26:37 NPT" name="login_validdata" finished-at="2024-06-14T11:26:43 NPT" duration-ms="5422" status="PASS">
          <reporter-output>
          </reporter-output>
        </test-method> <!-- login_validdata -->
        <test-method signature="Addemployee()[pri:4, instance:automationpackage.MyInfopage@2dc54ad4]" started-at="2024-06-14T11:26:43 NPT" name="Addemployee" finished-at="2024-06-14T11:26:53 NPT" duration-ms="10546" status="PASS">
          <reporter-output>
          </reporter-output>
        </test-method> <!-- Addemployee -->
        <test-method signature="Searchemployee()[pri:5, instance:automationpackage.MyInfopage@2dc54ad4]" started-at="2024-06-14T11:26:53 NPT" name="Searchemployee" finished-at="2024-06-14T11:26:58 NPT" duration-ms="5010" status="PASS">
          <reporter-output>
          </reporter-output>
        </test-method> <!-- Searchemployee -->
        <test-method signature="Deleteemployee()[pri:6, instance:automationpackage.MyInfopage@2dc54ad4]" started-at="2024-06-14T11:26:58 NPT" name="Deleteemployee" finished-at="2024-06-14T11:27:04 NPT" duration-ms="5354" status="PASS">
          <reporter-output>
          </reporter-output>
        </test-method> <!-- Deleteemployee -->
        <test-method signature="applyLeave()[pri:7, instance:automationpackage.MyInfopage@2dc54ad4]" started-at="2024-06-14T11:27:04 NPT" name="applyLeave" finished-at="2024-06-14T11:27:21 NPT" duration-ms="17141" status="PASS">
          <reporter-output>
          </reporter-output>
        </test-method> <!-- applyLeave -->
        <test-method signature="viewMyLeave()[pri:8, instance:automationpackage.MyInfopage@2dc54ad4]" started-at="2024-06-14T11:27:21 NPT" name="viewMyLeave" finished-at="2024-06-14T11:27:27 NPT" duration-ms="6200" status="PASS">
          <reporter-output>
          </reporter-output>
        </test-method> <!-- viewMyLeave -->
        <test-method signature="cancelLeave()[pri:9, instance:automationpackage.MyInfopage@2dc54ad4]" started-at="2024-06-14T11:27:27 NPT" name="cancelLeave" finished-at="2024-06-14T11:27:35 NPT" duration-ms="8395" status="PASS">
          <reporter-output>
          </reporter-output>
        </test-method> <!-- cancelLeave -->
        <test-method signature="leaveList()[pri:10, instance:automationpackage.MyInfopage@2dc54ad4]" started-at="2024-06-14T11:27:35 NPT" name="leaveList" finished-at="2024-06-14T11:27:44 NPT" duration-ms="8397" status="PASS">
          <reporter-output>
          </reporter-output>
        </test-method> <!-- leaveList -->
        <test-method signature="assignLeave()[pri:11, instance:automationpackage.MyInfopage@2dc54ad4]" started-at="2024-06-14T11:27:44 NPT" name="assignLeave" finished-at="2024-06-14T11:27:51 NPT" duration-ms="7329" status="PASS">
          <reporter-output>
          </reporter-output>
        </test-method> <!-- assignLeave -->
        <test-method signature="viewDetails()[pri:12, instance:automationpackage.MyInfopage@2dc54ad4]" started-at="2024-06-14T11:27:51 NPT" name="viewDetails" finished-at="2024-06-14T11:27:57 NPT" duration-ms="5549" status="PASS">
          <reporter-output>
          </reporter-output>
        </test-method> <!-- viewDetails -->
        <test-method signature="updatePersonalDetails()[pri:13, instance:automationpackage.MyInfopage@2dc54ad4]" started-at="2024-06-14T11:27:57 NPT" name="updatePersonalDetails" finished-at="2024-06-14T11:28:04 NPT" duration-ms="7522" status="PASS">
          <reporter-output>
          </reporter-output>
        </test-method> <!-- updatePersonalDetails -->
      </class> <!-- automationpackage.MyInfopage -->
    </test> <!-- Default test -->
  </suite> <!-- Default suite -->
</testng-results>
